[2022-03-27 17:04:08] app.INFO: Protect vendor folder in module contactform [] []
[2022-03-27 17:04:08] app.INFO: Module contactform has no vendor folder [] []
[2022-03-27 17:04:09] app.INFO: Protect vendor folder in module dashactivity [] []
[2022-03-27 17:04:09] app.INFO: Module dashactivity has no vendor folder [] []
[2022-03-27 17:04:09] app.INFO: Protect vendor folder in module dashgoals [] []
[2022-03-27 17:04:09] app.INFO: Module dashgoals has no vendor folder [] []
[2022-03-27 17:04:09] app.INFO: Protect vendor folder in module dashproducts [] []
[2022-03-27 17:04:09] app.INFO: Module dashproducts has no vendor folder [] []
[2022-03-27 17:04:09] app.INFO: Protect vendor folder in module dashtrends [] []
[2022-03-27 17:04:09] app.INFO: Module dashtrends has no vendor folder [] []
[2022-03-27 17:04:09] app.INFO: Protect vendor folder in module graphnvd3 [] []
[2022-03-27 17:04:09] app.INFO: Module graphnvd3 has no vendor folder [] []
[2022-03-27 17:04:09] app.INFO: Protect vendor folder in module gridhtml [] []
[2022-03-27 17:04:09] app.INFO: Module gridhtml has no vendor folder [] []
[2022-03-27 17:04:09] app.INFO: Protect vendor folder in module gsitemap [] []
[2022-03-27 17:04:09] app.INFO: Module gsitemap has no vendor folder [] []
[2022-03-27 17:04:09] app.INFO: Protect vendor folder in module pagesnotfound [] []
[2022-03-27 17:04:09] app.INFO: Module pagesnotfound has no vendor folder [] []
[2022-03-27 17:04:10] app.INFO: Protect vendor folder in module productcomments [] []
[2022-03-27 17:04:10] app.INFO: Module productcomments has no vendor folder [] []
[2022-03-27 17:04:10] app.INFO: Protect vendor folder in module ps_banner [] []
[2022-03-27 17:04:10] app.INFO: Module ps_banner has no vendor folder [] []
[2022-03-27 17:04:10] app.INFO: Protect vendor folder in module ps_categorytree [] []
[2022-03-27 17:04:10] app.INFO: Module ps_categorytree has no vendor folder [] []
[2022-03-27 17:04:10] app.INFO: Protect vendor folder in module ps_checkpayment [] []
[2022-03-27 17:04:10] app.INFO: Module ps_checkpayment has no vendor folder [] []
[2022-03-27 17:04:10] app.INFO: Protect vendor folder in module ps_contactinfo [] []
[2022-03-27 17:04:10] app.INFO: Module ps_contactinfo has no vendor folder [] []
[2022-03-27 17:04:10] app.INFO: Protect vendor folder in module ps_crossselling [] []
[2022-03-27 17:04:10] app.INFO: Module ps_crossselling has no vendor folder [] []
[2022-03-27 17:04:10] app.INFO: Protect vendor folder in module ps_currencyselector [] []
[2022-03-27 17:04:10] app.INFO: Module ps_currencyselector has no vendor folder [] []
[2022-03-27 17:04:11] app.INFO: Protect vendor folder in module ps_customeraccountlinks [] []
[2022-03-27 17:04:11] app.INFO: Module ps_customeraccountlinks has no vendor folder [] []
[2022-03-27 17:04:11] app.INFO: Protect vendor folder in module ps_customersignin [] []
[2022-03-27 17:04:11] app.INFO: Module ps_customersignin has no vendor folder [] []
[2022-03-27 17:04:11] app.INFO: Protect vendor folder in module ps_customtext [] []
[2022-03-27 17:04:11] app.INFO: Module ps_customtext has no vendor folder [] []
[2022-03-27 17:04:11] app.INFO: Protect vendor folder in module ps_dataprivacy [] []
[2022-03-27 17:04:11] app.INFO: Module ps_dataprivacy has no vendor folder [] []
[2022-03-27 17:04:11] app.INFO: Protect vendor folder in module ps_emailsubscription [] []
[2022-03-27 17:04:11] app.INFO: Module ps_emailsubscription has no vendor folder [] []
[2022-03-27 17:04:12] app.INFO: Protect vendor folder in module ps_facetedsearch [] []
[2022-03-27 17:04:12] app.INFO: Module ps_facetedsearch has no vendor folder [] []
[2022-03-27 17:04:12] app.INFO: Protect vendor folder in module ps_faviconnotificationbo [] []
[2022-03-27 17:04:12] app.INFO: Module ps_faviconnotificationbo has no vendor folder [] []
[2022-03-27 17:04:12] app.INFO: Protect vendor folder in module ps_featuredproducts [] []
[2022-03-27 17:04:12] app.INFO: Module ps_featuredproducts has no vendor folder [] []
[2022-03-27 17:04:13] app.INFO: Protect vendor folder in module ps_imageslider [] []
[2022-03-27 17:04:13] app.INFO: Module ps_imageslider has no vendor folder [] []
[2022-03-27 17:04:13] app.INFO: Protect vendor folder in module ps_languageselector [] []
[2022-03-27 17:04:13] app.INFO: Module ps_languageselector has no vendor folder [] []
[2022-03-27 17:04:13] app.INFO: Protect vendor folder in module ps_linklist [] []
[2022-03-27 17:04:13] app.INFO: Module ps_linklist has no vendor folder [] []
[2022-03-27 17:04:13] app.ERROR: Cannot register tab "AdminLinkWidget" because it already exists [] []
[2022-03-27 17:04:13] app.INFO: Protect vendor folder in module ps_mainmenu [] []
[2022-03-27 17:04:13] app.INFO: Module ps_mainmenu has no vendor folder [] []
[2022-03-27 17:04:13] app.INFO: Protect vendor folder in module ps_searchbar [] []
[2022-03-27 17:04:13] app.INFO: Module ps_searchbar has no vendor folder [] []
[2022-03-27 17:04:14] app.INFO: Protect vendor folder in module ps_sharebuttons [] []
[2022-03-27 17:04:14] app.INFO: Module ps_sharebuttons has no vendor folder [] []
[2022-03-27 17:04:14] app.INFO: Protect vendor folder in module ps_shoppingcart [] []
[2022-03-27 17:04:14] app.INFO: Module ps_shoppingcart has no vendor folder [] []
[2022-03-27 17:04:14] app.INFO: Protect vendor folder in module ps_socialfollow [] []
[2022-03-27 17:04:14] app.INFO: Module ps_socialfollow has no vendor folder [] []
[2022-03-27 17:04:14] app.INFO: Protect vendor folder in module ps_themecusto [] []
[2022-03-27 17:04:14] app.INFO: Module ps_themecusto has no vendor folder [] []
[2022-03-27 17:04:14] app.INFO: Protect vendor folder in module ps_wirepayment [] []
[2022-03-27 17:04:14] app.INFO: Module ps_wirepayment has no vendor folder [] []
[2022-03-27 17:04:14] app.INFO: Protect vendor folder in module sekeywords [] []
[2022-03-27 17:04:14] app.INFO: Module sekeywords has no vendor folder [] []
[2022-03-27 17:04:14] app.INFO: Protect vendor folder in module statsbestcategories [] []
[2022-03-27 17:04:14] app.INFO: Module statsbestcategories has no vendor folder [] []
[2022-03-27 17:04:14] app.INFO: Protect vendor folder in module statsbestcustomers [] []
[2022-03-27 17:04:14] app.INFO: Module statsbestcustomers has no vendor folder [] []
[2022-03-27 17:04:14] app.INFO: Protect vendor folder in module statsbestproducts [] []
[2022-03-27 17:04:14] app.INFO: Module statsbestproducts has no vendor folder [] []
[2022-03-27 17:04:14] app.INFO: Protect vendor folder in module statsbestsuppliers [] []
[2022-03-27 17:04:14] app.INFO: Module statsbestsuppliers has no vendor folder [] []
[2022-03-27 17:04:14] app.INFO: Protect vendor folder in module statsbestvouchers [] []
[2022-03-27 17:04:14] app.INFO: Module statsbestvouchers has no vendor folder [] []
[2022-03-27 17:04:15] app.INFO: Protect vendor folder in module statscarrier [] []
[2022-03-27 17:04:15] app.INFO: Module statscarrier has no vendor folder [] []
[2022-03-27 17:04:15] app.INFO: Protect vendor folder in module statscatalog [] []
[2022-03-27 17:04:15] app.INFO: Module statscatalog has no vendor folder [] []
[2022-03-27 17:04:15] app.INFO: Protect vendor folder in module statscheckup [] []
[2022-03-27 17:04:15] app.INFO: Module statscheckup has no vendor folder [] []
[2022-03-27 17:04:15] app.INFO: Protect vendor folder in module statsdata [] []
[2022-03-27 17:04:15] app.INFO: Module statsdata has no vendor folder [] []
[2022-03-27 17:04:15] app.INFO: Protect vendor folder in module statsequipment [] []
[2022-03-27 17:04:15] app.INFO: Module statsequipment has no vendor folder [] []
[2022-03-27 17:04:15] app.INFO: Protect vendor folder in module statsforecast [] []
[2022-03-27 17:04:15] app.INFO: Module statsforecast has no vendor folder [] []
[2022-03-27 17:04:15] app.INFO: Protect vendor folder in module statslive [] []
[2022-03-27 17:04:15] app.INFO: Module statslive has no vendor folder [] []
[2022-03-27 17:04:15] app.INFO: Protect vendor folder in module statsnewsletter [] []
[2022-03-27 17:04:15] app.INFO: Module statsnewsletter has no vendor folder [] []
[2022-03-27 17:04:15] app.INFO: Protect vendor folder in module statsorigin [] []
[2022-03-27 17:04:15] app.INFO: Module statsorigin has no vendor folder [] []
[2022-03-27 17:04:15] app.INFO: Protect vendor folder in module statspersonalinfos [] []
[2022-03-27 17:04:15] app.INFO: Module statspersonalinfos has no vendor folder [] []
[2022-03-27 17:04:15] app.INFO: Protect vendor folder in module statsproduct [] []
[2022-03-27 17:04:15] app.INFO: Module statsproduct has no vendor folder [] []
[2022-03-27 17:04:15] app.INFO: Protect vendor folder in module statsregistrations [] []
[2022-03-27 17:04:15] app.INFO: Module statsregistrations has no vendor folder [] []
[2022-03-27 17:04:15] app.INFO: Protect vendor folder in module statssales [] []
[2022-03-27 17:04:15] app.INFO: Module statssales has no vendor folder [] []
[2022-03-27 17:04:15] app.INFO: Protect vendor folder in module statssearch [] []
[2022-03-27 17:04:15] app.INFO: Module statssearch has no vendor folder [] []
[2022-03-27 17:04:15] app.INFO: Protect vendor folder in module statsstock [] []
[2022-03-27 17:04:15] app.INFO: Module statsstock has no vendor folder [] []
[2022-03-27 17:04:16] app.INFO: Protect vendor folder in module statsvisits [] []
[2022-03-27 17:04:16] app.INFO: Module statsvisits has no vendor folder [] []
[2022-03-27 17:04:16] app.INFO: Protect vendor folder in module welcome [] []
[2022-03-27 17:04:16] app.INFO: Module welcome has no vendor folder [] []
[2022-03-27 17:04:17] app.INFO: Exporting mail with theme modern for language English (English) [] []
[2022-03-27 17:04:17] app.INFO: Core output folder: C:\laragon\www\lxfrance/mails [] []
[2022-03-27 17:04:17] app.INFO: Modules output folder: C:\laragon\www\lxfrance/modules/ [] []
[2022-03-27 17:04:18] app.INFO: Exporting mail with theme modern for language ‫العربية (Arabic) [] []
[2022-03-27 17:04:18] app.INFO: Core output folder: C:\laragon\www\lxfrance/mails [] []
[2022-03-27 17:04:18] app.INFO: Modules output folder: C:\laragon\www\lxfrance/modules/ [] []
[2022-03-28 01:48:47] request.CRITICAL: Uncaught PHP Exception Symfony\Component\Filesystem\Exception\IOException: "Cannot rename "C:\laragon\www\lxfrance\var\cache\prod\app988E.tmp" to "C:\laragon\www\lxfrance\var\cache\prod/appProdProjectContainerUrlMatcher.php"." at C:\laragon\www\lxfrance\vendor\symfony\symfony\src\Symfony\Component\Filesystem\Filesystem.php line 289 {"exception":"[object] (Symfony\\Component\\Filesystem\\Exception\\IOException(code: 0): Cannot rename \"C:\\laragon\\www\\lxfrance\\var\\cache\\prod\\app988E.tmp\" to \"C:\\laragon\\www\\lxfrance\\var\\cache\\prod/appProdProjectContainerUrlMatcher.php\". at C:\\laragon\\www\\lxfrance\\vendor\\symfony\\symfony\\src\\Symfony\\Component\\Filesystem\\Filesystem.php:289)"} []
[2022-03-28 18:53:53] request.CRITICAL: Uncaught PHP Exception Symfony\Component\Debug\Exception\FatalThrowableError: "Type error: Too few arguments to function Customshipping::postProcess(), 0 passed in C:\laragon\www\lxfrance\modules\customshipping\customshipping.php on line 98 and exactly 1 expected" at C:\laragon\www\lxfrance\modules\customshipping\customshipping.php line 214 {"exception":"[object] (Symfony\\Component\\Debug\\Exception\\FatalThrowableError(code: 0): Type error: Too few arguments to function Customshipping::postProcess(), 0 passed in C:\\laragon\\www\\lxfrance\\modules\\customshipping\\customshipping.php on line 98 and exactly 1 expected at C:\\laragon\\www\\lxfrance\\modules\\customshipping\\customshipping.php:214)"} []
[2022-03-28 20:08:31] request.CRITICAL: Uncaught PHP Exception Symfony\Component\Debug\Exception\FatalThrowableError: "Parse error: syntax error, unexpected ')', expecting ']'" at C:\laragon\www\lxfrance\modules\customshipping\customshipping.php line 145 {"exception":"[object] (Symfony\\Component\\Debug\\Exception\\FatalThrowableError(code: 0): Parse error: syntax error, unexpected ')', expecting ']' at C:\\laragon\\www\\lxfrance\\modules\\customshipping\\customshipping.php:145)"} []
[2022-03-28 21:22:56] request.INFO: Matched route "admin_module_manage_action". {"route":"admin_module_manage_action","route_parameters":{"_controller":"PrestaShopBundle\\Controller\\Admin\\Improve\\ModuleController::moduleAction","action":"install","module_name":"customshipping","_route":"admin_module_manage_action"},"request_uri":"http://lxfrance.test/admin018ososlw/index.php/improve/modules/manage/action/install/customshipping?_token=ldEp5V2hncQIW8i9V-bvDFXaNRJunYfOQ4b45uz70eU","method":"POST"} []
[2022-03-28 21:22:56] security.DEBUG: Read existing security token from the session. {"key":"_security_main","token_class":"Symfony\\Component\\Security\\Core\\Authentication\\Token\\UsernamePasswordToken"} []
[2022-03-28 21:22:56] security.DEBUG: User was reloaded from a user provider. {"provider":"PrestaShopBundle\\Security\\Admin\\EmployeeProvider","username":"m.akhelij@gmail.com"} []
[2022-03-28 21:22:56] request.CRITICAL: Uncaught PHP Exception Symfony\Component\Debug\Exception\UndefinedMethodException: "Attempted to call an undefined method named "addCarrier" of class "Customshipping"." at C:\laragon\www\lxfrance\modules\customshipping\customshipping.php line 70 {"exception":"[object] (Symfony\\Component\\Debug\\Exception\\UndefinedMethodException(code: 0): Attempted to call an undefined method named \"addCarrier\" of class \"Customshipping\". at C:\\laragon\\www\\lxfrance\\modules\\customshipping\\customshipping.php:70)"} []
[2022-03-28 21:22:57] security.DEBUG: Stored the security token in the session. {"key":"_security_main"} []
[2022-03-28 21:23:03] request.INFO: Matched route "admin_module_manage_action". {"route":"admin_module_manage_action","route_parameters":{"_controller":"PrestaShopBundle\\Controller\\Admin\\Improve\\ModuleController::moduleAction","action":"install","module_name":"customshipping","_route":"admin_module_manage_action"},"request_uri":"http://lxfrance.test/admin018ososlw/index.php/improve/modules/manage/action/install/customshipping?_token=ldEp5V2hncQIW8i9V-bvDFXaNRJunYfOQ4b45uz70eU","method":"POST"} []
[2022-03-28 21:23:03] security.DEBUG: Read existing security token from the session. {"key":"_security_main","token_class":"Symfony\\Component\\Security\\Core\\Authentication\\Token\\UsernamePasswordToken"} []
[2022-03-28 21:23:03] security.DEBUG: User was reloaded from a user provider. {"provider":"PrestaShopBundle\\Security\\Admin\\EmployeeProvider","username":"m.akhelij@gmail.com"} []
[2022-03-28 21:23:03] request.CRITICAL: Uncaught PHP Exception Symfony\Component\Debug\Exception\UndefinedMethodException: "Attempted to call an undefined method named "addCarrier" of class "Customshipping"." at C:\laragon\www\lxfrance\modules\customshipping\customshipping.php line 70 {"exception":"[object] (Symfony\\Component\\Debug\\Exception\\UndefinedMethodException(code: 0): Attempted to call an undefined method named \"addCarrier\" of class \"Customshipping\". at C:\\laragon\\www\\lxfrance\\modules\\customshipping\\customshipping.php:70)"} []
[2022-03-28 21:23:03] security.DEBUG: Stored the security token in the session. {"key":"_security_main"} []
[2022-03-28 21:24:16] request.INFO: Matched route "admin_module_manage_action". {"route":"admin_module_manage_action","route_parameters":{"_controller":"PrestaShopBundle\\Controller\\Admin\\Improve\\ModuleController::moduleAction","action":"install","module_name":"customshipping","_route":"admin_module_manage_action"},"request_uri":"http://lxfrance.test/admin018ososlw/index.php/improve/modules/manage/action/install/customshipping?_token=ldEp5V2hncQIW8i9V-bvDFXaNRJunYfOQ4b45uz70eU","method":"POST"} []
[2022-03-28 21:24:16] security.DEBUG: Read existing security token from the session. {"key":"_security_main","token_class":"Symfony\\Component\\Security\\Core\\Authentication\\Token\\UsernamePasswordToken"} []
[2022-03-28 21:24:16] security.DEBUG: User was reloaded from a user provider. {"provider":"PrestaShopBundle\\Security\\Admin\\EmployeeProvider","username":"m.akhelij@gmail.com"} []
[2022-03-28 21:24:17] request.CRITICAL: Uncaught PHP Exception Symfony\Component\Debug\Exception\UndefinedMethodException: "Attempted to call an undefined method named "addCarrier" of class "Customshipping"." at C:\laragon\www\lxfrance\modules\customshipping\customshipping.php line 70 {"exception":"[object] (Symfony\\Component\\Debug\\Exception\\UndefinedMethodException(code: 0): Attempted to call an undefined method named \"addCarrier\" of class \"Customshipping\". at C:\\laragon\\www\\lxfrance\\modules\\customshipping\\customshipping.php:70)"} []
[2022-03-28 21:24:17] security.DEBUG: Stored the security token in the session. {"key":"_security_main"} []
[2022-03-28 22:58:38] request.INFO: Matched route "admin_module_manage_action". {"route":"admin_module_manage_action","route_parameters":{"_controller":"PrestaShopBundle\\Controller\\Admin\\Improve\\ModuleController::moduleAction","action":"install","module_name":"customshipping","_route":"admin_module_manage_action"},"request_uri":"http://lxfrance.test/admin018ososlw/index.php/improve/modules/manage/action/install/customshipping?_token=ldEp5V2hncQIW8i9V-bvDFXaNRJunYfOQ4b45uz70eU","method":"POST"} []
[2022-03-28 22:58:38] security.DEBUG: Read existing security token from the session. {"key":"_security_main","token_class":"Symfony\\Component\\Security\\Core\\Authentication\\Token\\UsernamePasswordToken"} []
[2022-03-28 22:58:38] security.DEBUG: User was reloaded from a user provider. {"provider":"PrestaShopBundle\\Security\\Admin\\EmployeeProvider","username":"m.akhelij@gmail.com"} []
[2022-03-28 22:58:38] request.CRITICAL: Uncaught PHP Exception Symfony\Component\Debug\Exception\UndefinedMethodException: "Attempted to call an undefined method named "addCarrier" of class "Customshipping"." at C:\laragon\www\lxfrance\modules\customshipping\customshipping.php line 70 {"exception":"[object] (Symfony\\Component\\Debug\\Exception\\UndefinedMethodException(code: 0): Attempted to call an undefined method named \"addCarrier\" of class \"Customshipping\". at C:\\laragon\\www\\lxfrance\\modules\\customshipping\\customshipping.php:70)"} []
[2022-03-28 22:58:38] security.DEBUG: Stored the security token in the session. {"key":"_security_main"} []
[2022-03-28 22:58:46] request.INFO: Matched route "admin_module_manage_action". {"route":"admin_module_manage_action","route_parameters":{"_controller":"PrestaShopBundle\\Controller\\Admin\\Improve\\ModuleController::moduleAction","action":"install","module_name":"customshipping","_route":"admin_module_manage_action"},"request_uri":"http://lxfrance.test/admin018ososlw/index.php/improve/modules/manage/action/install/customshipping?_token=ldEp5V2hncQIW8i9V-bvDFXaNRJunYfOQ4b45uz70eU","method":"POST"} []
[2022-03-28 22:58:46] security.DEBUG: Read existing security token from the session. {"key":"_security_main","token_class":"Symfony\\Component\\Security\\Core\\Authentication\\Token\\UsernamePasswordToken"} []
[2022-03-28 22:58:46] security.DEBUG: User was reloaded from a user provider. {"provider":"PrestaShopBundle\\Security\\Admin\\EmployeeProvider","username":"m.akhelij@gmail.com"} []
[2022-03-28 22:58:46] request.CRITICAL: Uncaught PHP Exception Symfony\Component\Debug\Exception\UndefinedMethodException: "Attempted to call an undefined method named "addCarrier" of class "Customshipping"." at C:\laragon\www\lxfrance\modules\customshipping\customshipping.php line 70 {"exception":"[object] (Symfony\\Component\\Debug\\Exception\\UndefinedMethodException(code: 0): Attempted to call an undefined method named \"addCarrier\" of class \"Customshipping\". at C:\\laragon\\www\\lxfrance\\modules\\customshipping\\customshipping.php:70)"} []
[2022-03-28 22:58:46] security.DEBUG: Stored the security token in the session. {"key":"_security_main"} []
[2022-03-28 23:00:03] request.INFO: Matched route "admin_module_manage_action". {"route":"admin_module_manage_action","route_parameters":{"_controller":"PrestaShopBundle\\Controller\\Admin\\Improve\\ModuleController::moduleAction","action":"install","module_name":"customshipping","_route":"admin_module_manage_action"},"request_uri":"http://lxfrance.test/admin018ososlw/index.php/improve/modules/manage/action/install/customshipping?_token=ldEp5V2hncQIW8i9V-bvDFXaNRJunYfOQ4b45uz70eU","method":"POST"} []
[2022-03-28 23:00:03] security.DEBUG: Read existing security token from the session. {"key":"_security_main","token_class":"Symfony\\Component\\Security\\Core\\Authentication\\Token\\UsernamePasswordToken"} []
[2022-03-28 23:00:03] security.DEBUG: User was reloaded from a user provider. {"provider":"PrestaShopBundle\\Security\\Admin\\EmployeeProvider","username":"m.akhelij@gmail.com"} []
[2022-03-28 23:00:04] request.CRITICAL: Uncaught PHP Exception Symfony\Component\Debug\Exception\UndefinedMethodException: "Attempted to call an undefined method named "addCarrier" of class "Customshipping"." at C:\laragon\www\lxfrance\modules\customshipping\customshipping.php line 68 {"exception":"[object] (Symfony\\Component\\Debug\\Exception\\UndefinedMethodException(code: 0): Attempted to call an undefined method named \"addCarrier\" of class \"Customshipping\". at C:\\laragon\\www\\lxfrance\\modules\\customshipping\\customshipping.php:68)"} []
[2022-03-28 23:00:04] security.DEBUG: Stored the security token in the session. {"key":"_security_main"} []
[2022-03-28 23:00:27] request.INFO: Matched route "admin_module_manage_action". {"route":"admin_module_manage_action","route_parameters":{"_controller":"PrestaShopBundle\\Controller\\Admin\\Improve\\ModuleController::moduleAction","action":"install","module_name":"customshipping","_route":"admin_module_manage_action"},"request_uri":"http://lxfrance.test/admin018ososlw/index.php/improve/modules/manage/action/install/customshipping?_token=ldEp5V2hncQIW8i9V-bvDFXaNRJunYfOQ4b45uz70eU","method":"POST"} []
[2022-03-28 23:00:28] security.DEBUG: Read existing security token from the session. {"key":"_security_main","token_class":"Symfony\\Component\\Security\\Core\\Authentication\\Token\\UsernamePasswordToken"} []
[2022-03-28 23:00:28] security.DEBUG: User was reloaded from a user provider. {"provider":"PrestaShopBundle\\Security\\Admin\\EmployeeProvider","username":"m.akhelij@gmail.com"} []
[2022-03-28 23:00:28] request.CRITICAL: Uncaught PHP Exception Symfony\Component\Debug\Exception\FatalThrowableError: "Call to a member function addZone() on bool" at C:\laragon\www\lxfrance\modules\customshipping\customshipping.php line 316 {"exception":"[object] (Symfony\\Component\\Debug\\Exception\\FatalThrowableError(code: 0): Call to a member function addZone() on bool at C:\\laragon\\www\\lxfrance\\modules\\customshipping\\customshipping.php:316)"} []
[2022-03-28 23:00:28] security.DEBUG: Stored the security token in the session. {"key":"_security_main"} []
[2022-03-28 23:03:39] request.INFO: Matched route "admin_module_catalog_refresh". {"route":"admin_module_catalog_refresh","route_parameters":{"category":null,"keyword":null,"_controller":"PrestaShopBundle\\Controller\\Admin\\Improve\\ModuleController::refreshCatalogAction","_legacy_controller":"AdminModulesCatalog","_legacy_link":"AdminModulesCatalog:refresh","_route":"admin_module_catalog_refresh"},"request_uri":"http://lxfrance.test/admin018ososlw/index.php/improve/modules/catalog/refresh?_token=ldEp5V2hncQIW8i9V-bvDFXaNRJunYfOQ4b45uz70eU","method":"GET"} []
[2022-03-28 23:03:39] security.DEBUG: Read existing security token from the session. {"key":"_security_main","token_class":"Symfony\\Component\\Security\\Core\\Authentication\\Token\\UsernamePasswordToken"} []
[2022-03-28 23:03:39] security.DEBUG: User was reloaded from a user provider. {"provider":"PrestaShopBundle\\Security\\Admin\\EmployeeProvider","username":"m.akhelij@gmail.com"} []
[2022-03-28 23:03:44] app.ERROR: Data from PrestaShop Addons is invalid, and cannot fallback on cache.  {"exception":"cURL error 28: Operation timed out after 5001 milliseconds with 731218 bytes received"} []
[2022-03-28 23:03:44] request.CRITICAL: Uncaught PHP Exception Symfony\Component\Debug\Exception\FatalErrorException: "Error: Class Customshipping contains 2 abstract methods and must therefore be declared abstract or implement the remaining methods (CarrierModuleCore::getOrderShippingCost, CarrierModuleCore::getOrderShippingCostExternal)" at C:\laragon\www\lxfrance\modules\customshipping\customshipping.php line 33 {"exception":"[object] (Symfony\\Component\\Debug\\Exception\\FatalErrorException(code: 0): Error: Class Customshipping contains 2 abstract methods and must therefore be declared abstract or implement the remaining methods (CarrierModuleCore::getOrderShippingCost, CarrierModuleCore::getOrderShippingCostExternal) at C:\\laragon\\www\\lxfrance\\modules\\customshipping\\customshipping.php:33)"} []
[2022-03-28 23:03:44] security.DEBUG: Stored the security token in the session. {"key":"_security_main"} []
[2022-03-28 23:03:39] request.INFO: Matched route "admin_module_notification_count". {"route":"admin_module_notification_count","route_parameters":{"_controller":"PrestaShopBundle\\Controller\\Admin\\Improve\\Modules\\AlertsController::notificationsCountAction","_legacy_controller":"AdminModulesNotifications","_legacy_link":"AdminModulesNotifications:count","_route":"admin_module_notification_count"},"request_uri":"http://lxfrance.test/admin018ososlw/index.php/improve/modules/alerts/count?_token=ldEp5V2hncQIW8i9V-bvDFXaNRJunYfOQ4b45uz70eU","method":"GET"} []
[2022-03-28 23:03:45] security.DEBUG: Read existing security token from the session. {"key":"_security_main","token_class":"Symfony\\Component\\Security\\Core\\Authentication\\Token\\UsernamePasswordToken"} []
[2022-03-28 23:03:45] security.DEBUG: User was reloaded from a user provider. {"provider":"PrestaShopBundle\\Security\\Admin\\EmployeeProvider","username":"m.akhelij@gmail.com"} []
[2022-03-28 23:03:48] request.CRITICAL: Uncaught PHP Exception Symfony\Component\Debug\Exception\FatalErrorException: "Error: Class Customshipping contains 2 abstract methods and must therefore be declared abstract or implement the remaining methods (CarrierModuleCore::getOrderShippingCost, CarrierModuleCore::getOrderShippingCostExternal)" at C:\laragon\www\lxfrance\modules\customshipping\customshipping.php line 33 {"exception":"[object] (Symfony\\Component\\Debug\\Exception\\FatalErrorException(code: 0): Error: Class Customshipping contains 2 abstract methods and must therefore be declared abstract or implement the remaining methods (CarrierModuleCore::getOrderShippingCost, CarrierModuleCore::getOrderShippingCostExternal) at C:\\laragon\\www\\lxfrance\\modules\\customshipping\\customshipping.php:33)"} []
[2022-03-28 23:03:48] security.DEBUG: Stored the security token in the session. {"key":"_security_main"} []
[2022-03-28 23:03:55] request.INFO: Matched route "admin_module_catalog_refresh". {"route":"admin_module_catalog_refresh","route_parameters":{"category":null,"keyword":null,"_controller":"PrestaShopBundle\\Controller\\Admin\\Improve\\ModuleController::refreshCatalogAction","_legacy_controller":"AdminModulesCatalog","_legacy_link":"AdminModulesCatalog:refresh","_route":"admin_module_catalog_refresh"},"request_uri":"http://lxfrance.test/admin018ososlw/index.php/improve/modules/catalog/refresh?_token=ldEp5V2hncQIW8i9V-bvDFXaNRJunYfOQ4b45uz70eU","method":"GET"} []
[2022-03-28 23:03:55] security.DEBUG: Read existing security token from the session. {"key":"_security_main","token_class":"Symfony\\Component\\Security\\Core\\Authentication\\Token\\UsernamePasswordToken"} []
[2022-03-28 23:03:55] security.DEBUG: User was reloaded from a user provider. {"provider":"PrestaShopBundle\\Security\\Admin\\EmployeeProvider","username":"m.akhelij@gmail.com"} []
[2022-03-28 23:03:56] request.CRITICAL: Uncaught PHP Exception Symfony\Component\Debug\Exception\FatalErrorException: "Error: Class Customshipping contains 2 abstract methods and must therefore be declared abstract or implement the remaining methods (CarrierModuleCore::getOrderShippingCost, CarrierModuleCore::getOrderShippingCostExternal)" at C:\laragon\www\lxfrance\modules\customshipping\customshipping.php line 33 {"exception":"[object] (Symfony\\Component\\Debug\\Exception\\FatalErrorException(code: 0): Error: Class Customshipping contains 2 abstract methods and must therefore be declared abstract or implement the remaining methods (CarrierModuleCore::getOrderShippingCost, CarrierModuleCore::getOrderShippingCostExternal) at C:\\laragon\\www\\lxfrance\\modules\\customshipping\\customshipping.php:33)"} []
[2022-03-28 23:03:56] security.DEBUG: Stored the security token in the session. {"key":"_security_main"} []
[2022-03-28 23:04:42] request.INFO: Matched route "admin_module_configure_action". {"route":"admin_module_configure_action","route_parameters":{"_controller":"PrestaShopBundle\\Controller\\Admin\\Improve\\ModuleController::configureModuleAction","_legacy_controller":"AdminModules","module_name":"customshipping","_route":"admin_module_configure_action"},"request_uri":"http://lxfrance.test/admin018ososlw/index.php/improve/modules/manage/action/configure/customshipping?_token=ldEp5V2hncQIW8i9V-bvDFXaNRJunYfOQ4b45uz70eU","method":"GET"} []
[2022-03-28 23:04:42] security.DEBUG: Read existing security token from the session. {"key":"_security_main","token_class":"Symfony\\Component\\Security\\Core\\Authentication\\Token\\UsernamePasswordToken"} []
[2022-03-28 23:04:42] security.DEBUG: User was reloaded from a user provider. {"provider":"PrestaShopBundle\\Security\\Admin\\EmployeeProvider","username":"m.akhelij@gmail.com"} []
[2022-03-28 23:04:48] app.ERROR: Data from PrestaShop Addons is invalid, and cannot fallback on cache.  {"exception":"cURL error 28: Operation timed out after 5006 milliseconds with 563052 bytes received"} []
[2022-03-28 23:04:48] security.DEBUG: Stored the security token in the session. {"key":"_security_main"} []
[2022-03-29 10:23:29] request.CRITICAL: Uncaught PHP Exception Symfony\Component\Filesystem\Exception\IOException: "Cannot rename "C:\laragon\www\lxfrance\var\cache\prod\app9230.tmp" to "C:\laragon\www\lxfrance\var\cache\prod/appProdProjectContainerUrlMatcher.php.meta"." at C:\laragon\www\lxfrance\vendor\symfony\symfony\src\Symfony\Component\Filesystem\Filesystem.php line 289 {"exception":"[object] (Symfony\\Component\\Filesystem\\Exception\\IOException(code: 0): Cannot rename \"C:\\laragon\\www\\lxfrance\\var\\cache\\prod\\app9230.tmp\" to \"C:\\laragon\\www\\lxfrance\\var\\cache\\prod/appProdProjectContainerUrlMatcher.php.meta\". at C:\\laragon\\www\\lxfrance\\vendor\\symfony\\symfony\\src\\Symfony\\Component\\Filesystem\\Filesystem.php:289)"} []
[2022-03-29 10:23:29] request.CRITICAL: Uncaught PHP Exception Symfony\Component\Filesystem\Exception\IOException: "Cannot rename "C:\laragon\www\lxfrance\var\cache\prod\app9232.tmp" to "C:\laragon\www\lxfrance\var\cache\prod/appProdProjectContainerUrlMatcher.php.meta"." at C:\laragon\www\lxfrance\vendor\symfony\symfony\src\Symfony\Component\Filesystem\Filesystem.php line 289 {"exception":"[object] (Symfony\\Component\\Filesystem\\Exception\\IOException(code: 0): Cannot rename \"C:\\laragon\\www\\lxfrance\\var\\cache\\prod\\app9232.tmp\" to \"C:\\laragon\\www\\lxfrance\\var\\cache\\prod/appProdProjectContainerUrlMatcher.php.meta\". at C:\\laragon\\www\\lxfrance\\vendor\\symfony\\symfony\\src\\Symfony\\Component\\Filesystem\\Filesystem.php:289)"} []
[2022-03-29 10:23:26] cache.WARNING: Failed to save key "%5BPrestaShopBundle%5CEntity%5CTab%24module%5D%5B1%5D" (array) {"key":"%5BPrestaShopBundle%5CEntity%5CTab%24module%5D%5B1%5D","type":"array","exception":"[object] (ErrorException(code: 0): rename(C:\\laragon\\www\\lxfrance\\var\\cache\\prod\\pools\\HkDA8PHd4x\\6242de1dd1c189.65970320,C:\\laragon\\www\\lxfrance\\var\\cache\\prod\\pools\\HkDA8PHd4x\\4\\4\\FRvC2erEholBGjXg1iM0): Access is denied. (code: 5) at C:\\laragon\\www\\lxfrance\\vendor\\symfony\\symfony\\src\\Symfony\\Component\\Cache\\Traits\\FilesystemCommonTrait.php:93)"} []
[2022-03-29 10:23:29] request.CRITICAL: Uncaught PHP Exception Symfony\Component\Filesystem\Exception\IOException: "Cannot rename "C:\laragon\www\lxfrance\var\cache\prod\app9231.tmp" to "C:\laragon\www\lxfrance\var\cache\prod/appProdProjectContainerUrlMatcher.php.meta"." at C:\laragon\www\lxfrance\vendor\symfony\symfony\src\Symfony\Component\Filesystem\Filesystem.php line 289 {"exception":"[object] (Symfony\\Component\\Filesystem\\Exception\\IOException(code: 0): Cannot rename \"C:\\laragon\\www\\lxfrance\\var\\cache\\prod\\app9231.tmp\" to \"C:\\laragon\\www\\lxfrance\\var\\cache\\prod/appProdProjectContainerUrlMatcher.php.meta\". at C:\\laragon\\www\\lxfrance\\vendor\\symfony\\symfony\\src\\Symfony\\Component\\Filesystem\\Filesystem.php:289)"} []
[2022-03-29 10:23:30] request.CRITICAL: Exception thrown when handling an exception (RuntimeException: Failed to write cache file "C:\laragon\www\lxfrance\var\cache\prod/twig/99/995e9b59e4a5e47169ed5ff2d0c27dbbee9afb2013700f7864b6952f21214a49.php". at C:\laragon\www\lxfrance\vendor\twig\twig\src\Cache\FilesystemCache.php line 80) {"exception":"[object] (RuntimeException(code: 0): Failed to write cache file \"C:\\laragon\\www\\lxfrance\\var\\cache\\prod/twig/99/995e9b59e4a5e47169ed5ff2d0c27dbbee9afb2013700f7864b6952f21214a49.php\". at C:\\laragon\\www\\lxfrance\\vendor\\twig\\twig\\src\\Cache\\FilesystemCache.php:80)"} []
[2022-03-29 10:23:30] request.CRITICAL: Exception thrown when handling an exception (Twig\Error\RuntimeError: An exception has been thrown during the rendering of a template ("Failed to write cache file "C:\laragon\www\lxfrance\var\cache\prod/twig/08/083bfdb6c5e6e8264968f2a85c7444eba07e800662ddecfca6bde9a637d4124d.php"."). at C:\laragon\www\lxfrance\app\Resources\TwigBundle\views\Exception\error.html.twig line 26) {"exception":"[object] (Twig\\Error\\RuntimeError(code: 0): An exception has been thrown during the rendering of a template (\"Failed to write cache file \"C:\\laragon\\www\\lxfrance\\var\\cache\\prod/twig/08/083bfdb6c5e6e8264968f2a85c7444eba07e800662ddecfca6bde9a637d4124d.php\".\"). at C:\\laragon\\www\\lxfrance\\app\\Resources\\TwigBundle\\views\\Exception\\error.html.twig:26, RuntimeException(code: 0): Failed to write cache file \"C:\\laragon\\www\\lxfrance\\var\\cache\\prod/twig/08/083bfdb6c5e6e8264968f2a85c7444eba07e800662ddecfca6bde9a637d4124d.php\". at C:\\laragon\\www\\lxfrance\\vendor\\twig\\twig\\src\\Cache\\FilesystemCache.php:80)"} []
[2022-03-29 10:23:30] request.CRITICAL: Exception thrown when handling an exception (Twig\Error\RuntimeError: An exception has been thrown during the rendering of a template ("Failed to write cache file "C:\laragon\www\lxfrance\var\cache\prod/twig/ac/ac14a71ae0d043b74a23790cdc51f399bc89bc4095e3ab33c97075c92dbfcd13.php"."). at C:\laragon\www\lxfrance\src\PrestaShopBundle\Resources\views\Admin\Exception\error.html.twig line 26) {"exception":"[object] (Twig\\Error\\RuntimeError(code: 0): An exception has been thrown during the rendering of a template (\"Failed to write cache file \"C:\\laragon\\www\\lxfrance\\var\\cache\\prod/twig/ac/ac14a71ae0d043b74a23790cdc51f399bc89bc4095e3ab33c97075c92dbfcd13.php\".\"). at C:\\laragon\\www\\lxfrance\\src\\PrestaShopBundle\\Resources\\views\\Admin\\Exception\\error.html.twig:26, RuntimeException(code: 0): Failed to write cache file \"C:\\laragon\\www\\lxfrance\\var\\cache\\prod/twig/ac/ac14a71ae0d043b74a23790cdc51f399bc89bc4095e3ab33c97075c92dbfcd13.php\". at C:\\laragon\\www\\lxfrance\\vendor\\twig\\twig\\src\\Cache\\FilesystemCache.php:80)"} []
[2022-03-29 11:08:54] request.INFO: Matched route "admin_module_manage". {"route":"admin_module_manage","route_parameters":{"category":null,"keyword":null,"_controller":"PrestaShopBundle\\Controller\\Admin\\Improve\\ModuleController::manageAction","_legacy_controller":"AdminModulesManage","_legacy_link":["AdminModulesManage","AdminModulesSf"],"_route":"admin_module_manage"},"request_uri":"http://lxfrance.test/admin018ososlw/index.php/improve/modules/manage?_token=ldEp5V2hncQIW8i9V-bvDFXaNRJunYfOQ4b45uz70eU","method":"GET"} []
[2022-03-29 11:08:54] security.DEBUG: Read existing security token from the session. {"key":"_security_main","token_class":"Symfony\\Component\\Security\\Core\\Authentication\\Token\\UsernamePasswordToken"} []
[2022-03-29 11:08:54] security.DEBUG: User was reloaded from a user provider. {"provider":"PrestaShopBundle\\Security\\Admin\\EmployeeProvider","username":"m.akhelij@gmail.com"} []
[2022-03-29 11:09:03] app.ERROR: Data from PrestaShop Addons is invalid, and cannot fallback on cache.  {"exception":"cURL error 28: Operation timed out after 5008 milliseconds with 205660 bytes received"} []
[2022-03-29 11:09:06] security.DEBUG: Stored the security token in the session. {"key":"_security_main"} []
[2022-03-29 11:09:07] request.INFO: Matched route "admin_module_notification_count". {"route":"admin_module_notification_count","route_parameters":{"_controller":"PrestaShopBundle\\Controller\\Admin\\Improve\\Modules\\AlertsController::notificationsCountAction","_legacy_controller":"AdminModulesNotifications","_legacy_link":"AdminModulesNotifications:count","_route":"admin_module_notification_count"},"request_uri":"http://lxfrance.test/admin018ososlw/index.php/improve/modules/alerts/count?_token=ldEp5V2hncQIW8i9V-bvDFXaNRJunYfOQ4b45uz70eU","method":"GET"} []
[2022-03-29 11:09:08] security.DEBUG: Read existing security token from the session. {"key":"_security_main","token_class":"Symfony\\Component\\Security\\Core\\Authentication\\Token\\UsernamePasswordToken"} []
[2022-03-29 11:09:08] security.DEBUG: User was reloaded from a user provider. {"provider":"PrestaShopBundle\\Security\\Admin\\EmployeeProvider","username":"m.akhelij@gmail.com"} []
[2022-03-29 11:09:16] app.ERROR: Data from PrestaShop Addons is invalid, and cannot fallback on cache.  {"exception":"cURL error 28: Resolving timed out after 5005 milliseconds"} []
[2022-03-29 11:09:16] security.DEBUG: Stored the security token in the session. {"key":"_security_main"} []
[2022-03-29 12:27:32] request.CRITICAL: Uncaught PHP Exception Symfony\Component\Filesystem\Exception\IOException: "Cannot rename "C:\laragon\www\lxfrance\var\cache\prod\app6BF7.tmp" to "C:\laragon\www\lxfrance\var\cache\prod/appProdProjectContainerUrlMatcher.php"." at C:\laragon\www\lxfrance\vendor\symfony\symfony\src\Symfony\Component\Filesystem\Filesystem.php line 289 {"exception":"[object] (Symfony\\Component\\Filesystem\\Exception\\IOException(code: 0): Cannot rename \"C:\\laragon\\www\\lxfrance\\var\\cache\\prod\\app6BF7.tmp\" to \"C:\\laragon\\www\\lxfrance\\var\\cache\\prod/appProdProjectContainerUrlMatcher.php\". at C:\\laragon\\www\\lxfrance\\vendor\\symfony\\symfony\\src\\Symfony\\Component\\Filesystem\\Filesystem.php:289)"} []
[2022-03-29 12:27:45] request.INFO: Matched route "admin_module_notification_count". {"route":"admin_module_notification_count","route_parameters":{"_controller":"PrestaShopBundle\\Controller\\Admin\\Improve\\Modules\\AlertsController::notificationsCountAction","_legacy_controller":"AdminModulesNotifications","_legacy_link":"AdminModulesNotifications:count","_route":"admin_module_notification_count"},"request_uri":"http://lxfrance.test/admin018ososlw/index.php/improve/modules/alerts/count?_token=ldEp5V2hncQIW8i9V-bvDFXaNRJunYfOQ4b45uz70eU","method":"GET"} []
[2022-03-29 12:27:45] security.DEBUG: Read existing security token from the session. {"key":"_security_main","token_class":"Symfony\\Component\\Security\\Core\\Authentication\\Token\\UsernamePasswordToken"} []
[2022-03-29 12:27:45] security.DEBUG: User was reloaded from a user provider. {"provider":"PrestaShopBundle\\Security\\Admin\\EmployeeProvider","username":"m.akhelij@gmail.com"} []
[2022-03-29 12:27:51] app.ERROR: Data from PrestaShop Addons is invalid, and cannot fallback on cache.  {"exception":"cURL error 28: Operation timed out after 5015 milliseconds with 204052 bytes received"} []
[2022-03-29 12:27:51] security.DEBUG: Stored the security token in the session. {"key":"_security_main"} []
[2022-03-29 12:27:45] request.INFO: Matched route "admin_module_catalog_refresh". {"route":"admin_module_catalog_refresh","route_parameters":{"category":null,"keyword":null,"_controller":"PrestaShopBundle\\Controller\\Admin\\Improve\\ModuleController::refreshCatalogAction","_legacy_controller":"AdminModulesCatalog","_legacy_link":"AdminModulesCatalog:refresh","_route":"admin_module_catalog_refresh"},"request_uri":"http://lxfrance.test/admin018ososlw/index.php/improve/modules/catalog/refresh?_token=ldEp5V2hncQIW8i9V-bvDFXaNRJunYfOQ4b45uz70eU","method":"GET"} []
[2022-03-29 12:27:51] security.DEBUG: Read existing security token from the session. {"key":"_security_main","token_class":"Symfony\\Component\\Security\\Core\\Authentication\\Token\\UsernamePasswordToken"} []
[2022-03-29 12:27:51] security.DEBUG: User was reloaded from a user provider. {"provider":"PrestaShopBundle\\Security\\Admin\\EmployeeProvider","username":"m.akhelij@gmail.com"} []
[2022-03-29 12:27:56] app.ERROR: Data from PrestaShop Addons is invalid, and cannot fallback on cache.  {"exception":"cURL error 28: Operation timed out after 5006 milliseconds with 75349 bytes received"} []
[2022-03-29 12:27:57] security.DEBUG: Stored the security token in the session. {"key":"_security_main"} []
[2022-03-29 12:28:27] request.INFO: Matched route "admin_module_manage_action". {"route":"admin_module_manage_action","route_parameters":{"_controller":"PrestaShopBundle\\Controller\\Admin\\Improve\\ModuleController::moduleAction","action":"install","module_name":"frozenshipping","_route":"admin_module_manage_action"},"request_uri":"http://lxfrance.test/admin018ososlw/index.php/improve/modules/manage/action/install/frozenshipping?_token=ldEp5V2hncQIW8i9V-bvDFXaNRJunYfOQ4b45uz70eU","method":"POST"} []
[2022-03-29 12:28:27] security.DEBUG: Read existing security token from the session. {"key":"_security_main","token_class":"Symfony\\Component\\Security\\Core\\Authentication\\Token\\UsernamePasswordToken"} []
[2022-03-29 12:28:27] security.DEBUG: User was reloaded from a user provider. {"provider":"PrestaShopBundle\\Security\\Admin\\EmployeeProvider","username":"m.akhelij@gmail.com"} []
[2022-03-29 12:28:32] app.ERROR: Data from PrestaShop Addons is invalid, and cannot fallback on cache.  {"exception":"cURL error 28: Operation timed out after 5000 milliseconds with 239180 bytes received"} []
[2022-03-29 12:28:32] app.INFO: Protect vendor folder in module frozenshipping [] []
[2022-03-29 12:28:32] app.INFO: Module frozenshipping has no vendor folder [] []
[2022-03-29 12:28:32] security.DEBUG: Stored the security token in the session. {"key":"_security_main"} []
[2022-03-29 12:29:50] request.INFO: Matched route "admin_module_configure_action". {"route":"admin_module_configure_action","route_parameters":{"_controller":"PrestaShopBundle\\Controller\\Admin\\Improve\\ModuleController::configureModuleAction","_legacy_controller":"AdminModules","module_name":"frozenshipping","_route":"admin_module_configure_action"},"request_uri":"http://lxfrance.test/admin018ososlw/index.php/improve/modules/manage/action/configure/frozenshipping?_token=ldEp5V2hncQIW8i9V-bvDFXaNRJunYfOQ4b45uz70eU","method":"GET"} []
[2022-03-29 12:29:50] security.DEBUG: Read existing security token from the session. {"key":"_security_main","token_class":"Symfony\\Component\\Security\\Core\\Authentication\\Token\\UsernamePasswordToken"} []
[2022-03-29 12:29:50] security.DEBUG: User was reloaded from a user provider. {"provider":"PrestaShopBundle\\Security\\Admin\\EmployeeProvider","username":"m.akhelij@gmail.com"} []
[2022-03-29 12:29:56] app.ERROR: Data from PrestaShop Addons is invalid, and cannot fallback on cache.  {"exception":"cURL error 28: Operation timed out after 5000 milliseconds with 222796 bytes received"} []
[2022-03-29 12:29:56] security.DEBUG: Stored the security token in the session. {"key":"_security_main"} []
[2022-03-29 12:46:38] request.INFO: Matched route "admin_module_manage". {"route":"admin_module_manage","route_parameters":{"category":null,"keyword":null,"_controller":"PrestaShopBundle\\Controller\\Admin\\Improve\\ModuleController::manageAction","_legacy_controller":"AdminModulesManage","_legacy_link":["AdminModulesManage","AdminModulesSf"],"_route":"admin_module_manage"},"request_uri":"http://lxfrance.test/admin018ososlw/index.php/improve/modules/manage?_token=ldEp5V2hncQIW8i9V-bvDFXaNRJunYfOQ4b45uz70eU","method":"GET"} []
[2022-03-29 12:46:38] security.DEBUG: Read existing security token from the session. {"key":"_security_main","token_class":"Symfony\\Component\\Security\\Core\\Authentication\\Token\\UsernamePasswordToken"} []
[2022-03-29 12:46:38] security.DEBUG: User was reloaded from a user provider. {"provider":"PrestaShopBundle\\Security\\Admin\\EmployeeProvider","username":"m.akhelij@gmail.com"} []
[2022-03-29 12:46:43] app.ERROR: Data from PrestaShop Addons is invalid, and cannot fallback on cache.  {"exception":"cURL error 28: Operation timed out after 5010 milliseconds with 13621 bytes received"} []
[2022-03-29 12:46:46] security.DEBUG: Stored the security token in the session. {"key":"_security_main"} []
[2022-03-29 12:46:47] request.INFO: Matched route "admin_module_notification_count". {"route":"admin_module_notification_count","route_parameters":{"_controller":"PrestaShopBundle\\Controller\\Admin\\Improve\\Modules\\AlertsController::notificationsCountAction","_legacy_controller":"AdminModulesNotifications","_legacy_link":"AdminModulesNotifications:count","_route":"admin_module_notification_count"},"request_uri":"http://lxfrance.test/admin018ososlw/index.php/improve/modules/alerts/count?_token=ldEp5V2hncQIW8i9V-bvDFXaNRJunYfOQ4b45uz70eU","method":"GET"} []
[2022-03-29 12:46:47] security.DEBUG: Read existing security token from the session. {"key":"_security_main","token_class":"Symfony\\Component\\Security\\Core\\Authentication\\Token\\UsernamePasswordToken"} []
[2022-03-29 12:46:47] security.DEBUG: User was reloaded from a user provider. {"provider":"PrestaShopBundle\\Security\\Admin\\EmployeeProvider","username":"m.akhelij@gmail.com"} []
[2022-03-29 12:46:53] app.ERROR: Data from PrestaShop Addons is invalid, and cannot fallback on cache.  {"exception":"cURL error 28: Operation timed out after 5013 milliseconds with 75349 bytes received"} []
[2022-03-29 12:46:53] security.DEBUG: Stored the security token in the session. {"key":"_security_main"} []
[2022-03-29 23:45:47] cache.WARNING: Failed to save key "%5BPrestaShopBundle%5CEntity%5CAttributeGroup%24position%5D%5B1%5D" (array) {"key":"%5BPrestaShopBundle%5CEntity%5CAttributeGroup%24position%5D%5B1%5D","type":"array","exception":"[object] (ErrorException(code: 0): rename(C:\\laragon\\www\\lxfrance\\var\\cache\\prod/pools\\HkDA8PHd4x\\62439a2b0e9f14.62681840,C:\\laragon\\www\\lxfrance\\var\\cache\\prod/pools\\HkDA8PHd4x\\Z\\W\\D0EX4C87gv2UlnUw+jLb): Access is denied. (code: 5) at C:\\laragon\\www\\lxfrance\\vendor\\symfony\\symfony\\src\\Symfony\\Component\\Cache\\Traits\\FilesystemCommonTrait.php:93)"} []
[2022-03-29 23:45:47] cache.WARNING: Failed to save key "%5BPrestaShopBundle%5CEntity%5CStockMvt%24employeeFirstname%5D%5B1%5D" (array) {"key":"%5BPrestaShopBundle%5CEntity%5CStockMvt%24employeeFirstname%5D%5B1%5D","type":"array","exception":"[object] (ErrorException(code: 0): rename(C:\\laragon\\www\\lxfrance\\var\\cache\\prod/pools\\HkDA8PHd4x\\62439a2b0e9f14.62681840,C:\\laragon\\www\\lxfrance\\var\\cache\\prod/pools\\HkDA8PHd4x\\4\\M\\Z4ZQIur5XS6ANX9sYu4p): Access is denied. (code: 5) at C:\\laragon\\www\\lxfrance\\vendor\\symfony\\symfony\\src\\Symfony\\Component\\Cache\\Traits\\FilesystemCommonTrait.php:93)"} []
[2022-03-29 23:45:47] cache.WARNING: Failed to save key "%5BPrestaShopBundle%5CEntity%5CTab%24routeName%5D%5B1%5D" (array) {"key":"%5BPrestaShopBundle%5CEntity%5CTab%24routeName%5D%5B1%5D","type":"array","exception":"[object] (ErrorException(code: 0): rename(C:\\laragon\\www\\lxfrance\\var\\cache\\prod/pools\\HkDA8PHd4x\\62439a2b0e9f14.62681840,C:\\laragon\\www\\lxfrance\\var\\cache\\prod/pools\\HkDA8PHd4x\\B\\T\\0kV-hm12gpgdc65iq6F4): Access is denied. (code: 5) at C:\\laragon\\www\\lxfrance\\vendor\\symfony\\symfony\\src\\Symfony\\Component\\Cache\\Traits\\FilesystemCommonTrait.php:93)"} []
[2022-03-29 23:45:48] cache.WARNING: Failed to save key "%5BPrestaShopBundle%5CEntity%5CTranslation%24translation%5D%5B1%5D" (array) {"key":"%5BPrestaShopBundle%5CEntity%5CTranslation%24translation%5D%5B1%5D","type":"array","exception":"[object] (ErrorException(code: 0): rename(C:\\laragon\\www\\lxfrance\\var\\cache\\prod/pools\\HkDA8PHd4x\\62439a2b0e9f14.62681840,C:\\laragon\\www\\lxfrance\\var\\cache\\prod/pools\\HkDA8PHd4x\\Y\\Y\\A77TNr78+jf7Suzwcmcz): Access is denied. (code: 5) at C:\\laragon\\www\\lxfrance\\vendor\\symfony\\symfony\\src\\Symfony\\Component\\Cache\\Traits\\FilesystemCommonTrait.php:93)"} []
[2022-03-29 23:45:48] cache.WARNING: Failed to save key "%5BPrestaShop%5CModule%5CProductComment%5CEntity%5CProductCommentGrade%24comment%5D%5B1%5D" (array) {"key":"%5BPrestaShop%5CModule%5CProductComment%5CEntity%5CProductCommentGrade%24comment%5D%5B1%5D","type":"array","exception":"[object] (ErrorException(code: 0): rename(C:\\laragon\\www\\lxfrance\\var\\cache\\prod/pools\\HkDA8PHd4x\\62439a2b0e9f14.62681840,C:\\laragon\\www\\lxfrance\\var\\cache\\prod/pools\\HkDA8PHd4x\\K\\M\\zGEsSp7rx9EzDsayiJFf): Access is denied. (code: 5) at C:\\laragon\\www\\lxfrance\\vendor\\symfony\\symfony\\src\\Symfony\\Component\\Cache\\Traits\\FilesystemCommonTrait.php:93)"} []
[2022-03-29 23:45:51] request.CRITICAL: Uncaught PHP Exception Symfony\Component\Filesystem\Exception\IOException: "Cannot rename "C:\laragon\www\lxfrance\var\cache\prod\appB73C.tmp" to "C:\laragon\www\lxfrance\var\cache\prod/appProdProjectContainerUrlMatcher.php"." at C:\laragon\www\lxfrance\vendor\symfony\symfony\src\Symfony\Component\Filesystem\Filesystem.php line 289 {"exception":"[object] (Symfony\\Component\\Filesystem\\Exception\\IOException(code: 0): Cannot rename \"C:\\laragon\\www\\lxfrance\\var\\cache\\prod\\appB73C.tmp\" to \"C:\\laragon\\www\\lxfrance\\var\\cache\\prod/appProdProjectContainerUrlMatcher.php\". at C:\\laragon\\www\\lxfrance\\vendor\\symfony\\symfony\\src\\Symfony\\Component\\Filesystem\\Filesystem.php:289)"} []
